{"meta": {"format": 3, "version": "7.10.2", "timestamp": "2025-08-05T12:53:58.482652", "branch_coverage": false, "show_contexts": false}, "files": {"src/ezib_async/__init__.py": {"executed_lines": [1, 31, 32, 35, 41], "summary": {"covered_lines": 4, "num_statements": 4, "percent_covered": 100.0, "percent_covered_display": "100", "missing_lines": 0, "excluded_lines": 0}, "missing_lines": [], "excluded_lines": [], "functions": {"": {"executed_lines": [1, 31, 32, 35, 41], "summary": {"covered_lines": 4, "num_statements": 4, "percent_covered": 100.0, "percent_covered_display": "100", "missing_lines": 0, "excluded_lines": 0}, "missing_lines": [], "excluded_lines": []}}, "classes": {"": {"executed_lines": [1, 31, 32, 35, 41], "summary": {"covered_lines": 4, "num_statements": 4, "percent_covered": 100.0, "percent_covered_display": "100", "missing_lines": 0, "excluded_lines": 0}, "missing_lines": [], "excluded_lines": []}}}, "src/ezib_async/ezib.py": {"executed_lines": [1, 25, 26, 27, 29, 30, 31, 38, 41, 44, 45, 52, 58, 59, 71, 72, 75, 76, 78, 79, 81, 83, 94, 97, 98, 99, 100, 103, 104, 105, 106, 107, 108, 111, 112, 113, 114, 116, 117, 119, 122, 126, 127, 130, 134, 137, 150, 151, 154, 155, 156, 158, 160, 162, 163, 164, 167, 179, 180, 181, 182, 184, 186, 187, 189, 190, 193, 194, 195, 198, 205, 206, 208, 209, 210, 211, 214, 219, 221, 224, 225, 226, 227, 230, 233, 244, 245, 246, 249, 251, 252, 253, 255, 257, 260, 263, 266, 268, 269, 271, 273, 274, 276, 278, 281, 282, 283, 285, 289, 322, 323, 324, 327, 335, 336, 337, 340, 342, 345, 346, 348, 351, 354, 355, 357, 358, 363, 374, 375, 376, 379, 380, 382, 384, 385, 387, 388, 390, 391, 393, 394, 396, 461, 462, 463, 464, 465, 473, 480, 482, 483, 484, 487, 488, 491, 494, 495, 498, 505, 507, 508, 511, 512, 518, 519, 524, 526, 527, 534, 535, 543, 545, 546, 547, 550, 555, 557, 558, 559, 560, 565, 570, 571, 572, 573, 575, 576, 577, 579, 580, 581, 585, 586, 589, 594, 603, 604, 605, 606, 607, 608, 609, 610, 611, 614, 615, 616, 618, 620, 621, 622, 623, 625, 626, 631, 636, 637, 639, 640, 641, 649, 659, 669, 670, 671, 674, 675, 676, 679, 680, 681, 683, 688, 689, 690, 691, 694, 695, 702, 712, 723, 725, 726, 727, 728, 730, 733, 736, 738, 739, 743, 744, 746, 747, 750, 753, 756, 757, 759, 760, 764, 767, 777, 778, 780, 783, 785, 788, 792, 831, 842, 843, 844, 847, 848, 849, 850, 851, 852, 853, 854, 856, 860, 861, 865, 867, 868, 869, 870, 875, 877, 882, 885, 886, 887, 892, 894, 895, 896, 899, 904, 905, 908, 923, 927, 929, 930, 931, 943, 997, 1015, 1016, 1017, 1019, 1020, 1021, 1022, 1023, 1027, 1029, 1030, 1032, 1034, 1049, 1064, 1097, 1120, 1143, 1146, 1147, 1150, 1151, 1152, 1153, 1154, 1155, 1156, 1157, 1159, 1162, 1163, 1166, 1167, 1168, 1169, 1170, 1173, 1174, 1175, 1178, 1182, 1186, 1187, 1190, 1191, 1192, 1195, 1198, 1199, 1202, 1203, 1205, 1208, 1221, 1223, 1224, 1225, 1228, 1229, 1230, 1233, 1234, 1238, 1244, 1257, 1258, 1261, 1263, 1264, 1265, 1268, 1273, 1274, 1275, 1277, 1281, 1289, 1360, 1370, 1371, 1372, 1374, 1380, 1390, 1391, 1392, 1394, 1397, 1403, 1404, 1407, 1412, 1415, 1416, 1419, 1422, 1433, 1434, 1436, 1437, 1456, 1468, 1469, 1471, 1472, 1475, 1476, 1477, 1480, 1481, 1482, 1483, 1485, 1488, 1495, 1496, 1499, 1503, 1504, 1511, 1518, 1520, 1521, 1524, 1525, 1526, 1528, 1532, 1535, 1536, 1539, 1554, 1557, 1558, 1567, 1568, 1569, 1571, 1572, 1573, 1575, 1576, 1577, 1579, 1581, 1582, 1583, 1584, 1586, 1588, 1590, 1591, 1593, 1594, 1595, 1602, 1609, 1611, 1612, 1618, 1621, 1622, 1626, 1630, 1643, 1649, 1650, 1652, 1653, 1654, 1657, 1658, 1659, 1662, 1663, 1664, 1666, 1668, 1669, 1674, 1675, 1682, 1702, 1715, 1716, 1717, 1718, 1720, 1721, 1724, 1747, 1748, 1749, 1752, 1753, 1754, 1755, 1757, 1758, 1760, 1761, 1763, 1776, 1777, 1778, 1780, 1783, 1784, 1786, 1788, 1789, 1790, 1792, 1793, 1796, 1823, 1824, 1826, 1828, 1840, 1843, 1878, 1880, 1881, 1883, 1886, 1890, 1891, 1892, 1893, 1894, 1897, 1898, 1899, 1910, 1911, 1915, 1918, 1919, 1920, 1922, 1934, 1935, 1939, 1942, 1959], "summary": {"covered_lines": 554, "num_statements": 720, "percent_covered": 76.94444444444444, "percent_covered_display": "77", "missing_lines": 166, "excluded_lines": 0}, "missing_lines": [42, 199, 200, 202, 203, 247, 277, 279, 297, 298, 299, 302, 303, 304, 305, 307, 308, 310, 311, 313, 316, 317, 319, 320, 341, 343, 349, 514, 515, 532, 561, 563, 582, 583, 628, 762, 789, 857, 862, 878, 879, 889, 890, 924, 933, 934, 935, 937, 938, 940, 958, 959, 960, 961, 962, 965, 967, 968, 969, 972, 973, 974, 975, 978, 979, 980, 981, 984, 985, 986, 987, 990, 991, 993, 1028, 1046, 1047, 1061, 1062, 1077, 1080, 1081, 1082, 1083, 1084, 1085, 1087, 1088, 1089, 1090, 1091, 1092, 1093, 1095, 1110, 1111, 1112, 1113, 1114, 1115, 1116, 1117, 1179, 1183, 1193, 1235, 1278, 1279, 1285, 1286, 1297, 1298, 1301, 1325, 1326, 1328, 1329, 1330, 1331, 1333, 1335, 1338, 1341, 1342, 1343, 1344, 1347, 1348, 1349, 1350, 1353, 1354, 1355, 1356, 1357, 1417, 1440, 1441, 1442, 1443, 1446, 1447, 1448, 1449, 1450, 1451, 1453, 1505, 1506, 1587, 1597, 1677, 1750, 1759, 1779, 1781, 1912, 1913, 1936, 1937, 1943, 1952, 1953, 1954, 1955, 1957], "excluded_lines": [], "functions": {"ezIBAsync.roundClosestValid": {"executed_lines": [71, 72, 75, 76, 78, 79, 81], "summary": {"covered_lines": 7, "num_statements": 7, "percent_covered": 100.0, "percent_covered_display": "100", "missing_lines": 0, "excluded_lines": 0}, "missing_lines": [], "excluded_lines": []}, "ezIBAsync.__init__": {"executed_lines": [94, 97, 98, 99, 100, 103, 104, 105, 106, 107, 108, 111, 112, 113, 114, 116, 117, 119, 122, 126, 127, 130, 134, 137, 150, 151, 154, 155, 156, 158], "summary": {"covered_lines": 30, "num_statements": 30, "percent_covered": 100.0, "percent_covered_display": "100", "missing_lines": 0, "excluded_lines": 0}, "missing_lines": [], "excluded_lines": []}, "ezIBAsync._createEvents": {"executed_lines": [162, 163, 164], "summary": {"covered_lines": 3, "num_statements": 3, "percent_covered": 100.0, "percent_covered_display": "100", "missing_lines": 0, "excluded_lines": 0}, "missing_lines": [], "excluded_lines": []}, "ezIBAsync.connectAsync": {"executed_lines": [179, 180, 181, 182, 184, 186, 187, 189, 190, 193, 194, 195, 198, 205, 206, 208, 209, 210, 211], "summary": {"covered_lines": 19, "num_statements": 23, "percent_covered": 82.6086956521739, "percent_covered_display": "83", "missing_lines": 4, "excluded_lines": 0}, "missing_lines": [199, 200, 202, 203], "excluded_lines": []}, "ezIBAsync._setup_handlers": {"executed_lines": [219, 221, 224, 225, 226, 227, 230], "summary": {"covered_lines": 7, "num_statements": 7, "percent_covered": 100.0, "percent_covered_display": "100", "missing_lines": 0, "excluded_lines": 0}, "missing_lines": [], "excluded_lines": []}, "ezIBAsync.requestMarketData": {"executed_lines": [244, 245, 246, 249, 251, 252, 253, 255, 257, 260, 263, 266, 268, 269], "summary": {"covered_lines": 14, "num_statements": 15, "percent_covered": 93.33333333333333, "percent_covered_display": "93", "missing_lines": 1, "excluded_lines": 0}, "missing_lines": [247], "excluded_lines": []}, "ezIBAsync.requestMarketDepth": {"executed_lines": [273, 274, 276, 278, 281, 282, 283, 285], "summary": {"covered_lines": 8, "num_statements": 10, "percent_covered": 80.0, "percent_covered_display": "80", "missing_lines": 2, "excluded_lines": 0}, "missing_lines": [277, 279], "excluded_lines": []}, "ezIBAsync.cancelMarketDepth": {"executed_lines": [], "summary": {"covered_lines": 0, "num_statements": 16, "percent_covered": 0.0, "percent_covered_display": "0", "missing_lines": 16, "excluded_lines": 0}, "missing_lines": [297, 298, 299, 302, 303, 304, 305, 307, 308, 310, 311, 313, 316, 317, 319, 320], "excluded_lines": []}, "ezIBAsync._handle_orderbook_update": {"executed_lines": [323, 324], "summary": {"covered_lines": 2, "num_statements": 2, "percent_covered": 100.0, "percent_covered_display": "100", "missing_lines": 0, "excluded_lines": 0}, "missing_lines": [], "excluded_lines": []}, "ezIBAsync.cancelMarketData": {"executed_lines": [335, 336, 337, 340, 342, 345, 346, 348, 351, 354, 355, 357, 358], "summary": {"covered_lines": 13, "num_statements": 16, "percent_covered": 81.25, "percent_covered_display": "81", "missing_lines": 3, "excluded_lines": 0}, "missing_lines": [341, 343, 349], "excluded_lines": []}, "ezIBAsync._onPendingTickersHandler": {"executed_lines": [374, 375, 376, 379, 380, 382, 384, 385, 387, 388, 390, 391, 393, 394, 396, 461, 462, 463, 464, 465], "summary": {"covered_lines": 20, "num_statements": 20, "percent_covered": 100.0, "percent_covered_display": "100", "missing_lines": 0, "excluded_lines": 0}, "missing_lines": [], "excluded_lines": []}, "ezIBAsync._onAccountValueHandler": {"executed_lines": [480, 482, 483, 484, 487, 488, 491, 494, 495], "summary": {"covered_lines": 9, "num_statements": 9, "percent_covered": 100.0, "percent_covered_display": "100", "missing_lines": 0, "excluded_lines": 0}, "missing_lines": [], "excluded_lines": []}, "ezIBAsync._onAccountSummaryHandler": {"executed_lines": [505, 507, 508, 511, 512], "summary": {"covered_lines": 5, "num_statements": 7, "percent_covered": 71.42857142857143, "percent_covered_display": "71", "missing_lines": 2, "excluded_lines": 0}, "missing_lines": [514, 515], "excluded_lines": []}, "ezIBAsync.accounts": {"executed_lines": [524], "summary": {"covered_lines": 1, "num_statements": 1, "percent_covered": 100.0, "percent_covered_display": "100", "missing_lines": 0, "excluded_lines": 0}, "missing_lines": [], "excluded_lines": []}, "ezIBAsync.accountsSummary": {"executed_lines": [], "summary": {"covered_lines": 0, "num_statements": 1, "percent_covered": 0.0, "percent_covered_display": "0", "missing_lines": 1, "excluded_lines": 0}, "missing_lines": [532], "excluded_lines": []}, "ezIBAsync.account": {"executed_lines": [543], "summary": {"covered_lines": 1, "num_statements": 1, "percent_covered": 100.0, "percent_covered_display": "100", "missing_lines": 0, "excluded_lines": 0}, "missing_lines": [], "excluded_lines": []}, "ezIBAsync.accountCodes": {"executed_lines": [547], "summary": {"covered_lines": 1, "num_statements": 1, "percent_covered": 100.0, "percent_covered_display": "100", "missing_lines": 0, "excluded_lines": 0}, "missing_lines": [], "excluded_lines": []}, "ezIBAsync._onDisconnectedHandler": {"executed_lines": [555, 557, 558, 559, 560], "summary": {"covered_lines": 5, "num_statements": 7, "percent_covered": 71.42857142857143, "percent_covered_display": "71", "missing_lines": 2, "excluded_lines": 0}, "missing_lines": [561, 563], "excluded_lines": []}, "ezIBAsync._reconnect": {"executed_lines": [570, 571, 572, 573, 575, 576, 577, 579, 580, 581, 585, 586], "summary": {"covered_lines": 12, "num_statements": 14, "percent_covered": 85.71428571428571, "percent_covered_display": "86", "missing_lines": 2, "excluded_lines": 0}, "missing_lines": [582, 583], "excluded_lines": []}, "ezIBAsync.disconnect": {"executed_lines": [594, 603, 604, 605, 606, 607, 608, 609, 610, 611], "summary": {"covered_lines": 10, "num_statements": 10, "percent_covered": 100.0, "percent_covered_display": "100", "missing_lines": 0, "excluded_lines": 0}, "missing_lines": [], "excluded_lines": []}, "ezIBAsync.getAccount": {"executed_lines": [615, 616, 618, 620, 621, 622, 623, 625, 626], "summary": {"covered_lines": 9, "num_statements": 10, "percent_covered": 90.0, "percent_covered_display": "90", "missing_lines": 1, "excluded_lines": 0}, "missing_lines": [628], "excluded_lines": []}, "ezIBAsync._get_active_account": {"executed_lines": [636, 637, 639, 640, 641, 649], "summary": {"covered_lines": 6, "num_statements": 6, "percent_covered": 100.0, "percent_covered_display": "100", "missing_lines": 0, "excluded_lines": 0}, "missing_lines": [], "excluded_lines": []}, "ezIBAsync.tickerId": {"executed_lines": [669, 670, 671, 674, 675, 676, 679, 680, 681], "summary": {"covered_lines": 9, "num_statements": 9, "percent_covered": 100.0, "percent_covered_display": "100", "missing_lines": 0, "excluded_lines": 0}, "missing_lines": [], "excluded_lines": []}, "ezIBAsync.tickerSymbol": {"executed_lines": [688, 689, 690, 691], "summary": {"covered_lines": 4, "num_statements": 4, "percent_covered": 100.0, "percent_covered_display": "100", "missing_lines": 0, "excluded_lines": 0}, "missing_lines": [], "excluded_lines": []}, "ezIBAsync.contract_to_tuple": {"executed_lines": [702], "summary": {"covered_lines": 1, "num_statements": 1, "percent_covered": 100.0, "percent_covered_display": "100", "missing_lines": 0, "excluded_lines": 0}, "missing_lines": [], "excluded_lines": []}, "ezIBAsync.contractString": {"executed_lines": [723, 725, 726, 727, 728, 730, 733, 736, 738, 739, 743, 744, 746, 747, 750, 753, 756, 757, 759, 760, 764], "summary": {"covered_lines": 21, "num_statements": 22, "percent_covered": 95.45454545454545, "percent_covered_display": "95", "missing_lines": 1, "excluded_lines": 0}, "missing_lines": [762], "excluded_lines": []}, "ezIBAsync.contractDetails": {"executed_lines": [777, 778, 780, 783, 785, 788, 792], "summary": {"covered_lines": 7, "num_statements": 8, "percent_covered": 87.5, "percent_covered_display": "88", "missing_lines": 1, "excluded_lines": 0}, "missing_lines": [789], "excluded_lines": []}, "ezIBAsync.createContract": {"executed_lines": [842, 843, 844, 847, 848, 849, 850, 851, 852, 853, 854, 856, 860, 861, 865, 867, 868, 869, 870, 875, 877, 882, 885, 886, 887, 892, 894, 895, 896], "summary": {"covered_lines": 29, "num_statements": 35, "percent_covered": 82.85714285714286, "percent_covered_display": "83", "missing_lines": 6, "excluded_lines": 0}, "missing_lines": [857, 862, 878, 879, 889, 890], "excluded_lines": []}, "ezIBAsync.createStockContract": {"executed_lines": [904, 905], "summary": {"covered_lines": 2, "num_statements": 2, "percent_covered": 100.0, "percent_covered_display": "100", "missing_lines": 0, "excluded_lines": 0}, "missing_lines": [], "excluded_lines": []}, "ezIBAsync.createFuturesContract": {"executed_lines": [923, 927, 929, 930, 931], "summary": {"covered_lines": 5, "num_statements": 12, "percent_covered": 41.666666666666664, "percent_covered_display": "42", "missing_lines": 7, "excluded_lines": 0}, "missing_lines": [924, 933, 934, 935, 937, 938, 940], "excluded_lines": []}, "ezIBAsync.createContinuousFuturesContract": {"executed_lines": [], "summary": {"covered_lines": 0, "num_statements": 24, "percent_covered": 0.0, "percent_covered_display": "0", "missing_lines": 24, "excluded_lines": 0}, "missing_lines": [958, 959, 960, 961, 962, 965, 967, 968, 969, 972, 973, 974, 975, 978, 979, 980, 981, 984, 985, 986, 987, 990, 991, 993], "excluded_lines": []}, "ezIBAsync.createOptionContract": {"executed_lines": [1015, 1016, 1017, 1019, 1020, 1021, 1022, 1023, 1027, 1029, 1030, 1032], "summary": {"covered_lines": 12, "num_statements": 13, "percent_covered": 92.3076923076923, "percent_covered_display": "92", "missing_lines": 1, "excluded_lines": 0}, "missing_lines": [1028], "excluded_lines": []}, "ezIBAsync.createForexContract": {"executed_lines": [], "summary": {"covered_lines": 0, "num_statements": 2, "percent_covered": 0.0, "percent_covered_display": "0", "missing_lines": 2, "excluded_lines": 0}, "missing_lines": [1046, 1047], "excluded_lines": []}, "ezIBAsync.createIndexContract": {"executed_lines": [], "summary": {"covered_lines": 0, "num_statements": 2, "percent_covered": 0.0, "percent_covered_display": "0", "missing_lines": 2, "excluded_lines": 0}, "missing_lines": [1061, 1062], "excluded_lines": []}, "ezIBAsync.createComboLeg": {"executed_lines": [], "summary": {"covered_lines": 0, "num_statements": 15, "percent_covered": 0.0, "percent_covered_display": "0", "missing_lines": 15, "excluded_lines": 0}, "missing_lines": [1077, 1080, 1081, 1082, 1083, 1084, 1085, 1087, 1088, 1089, 1090, 1091, 1092, 1093, 1095], "excluded_lines": []}, "ezIBAsync.createComboContract": {"executed_lines": [], "summary": {"covered_lines": 0, "num_statements": 8, "percent_covered": 0.0, "percent_covered_display": "0", "missing_lines": 8, "excluded_lines": 0}, "missing_lines": [1110, 1111, 1112, 1113, 1114, 1115, 1116, 1117], "excluded_lines": []}, "ezIBAsync.createOrder": {"executed_lines": [1143, 1146, 1147, 1150, 1151, 1152, 1153, 1154, 1155, 1156, 1157, 1159, 1162, 1163, 1166, 1167, 1168, 1169, 1170, 1173, 1174, 1175, 1178, 1182, 1186, 1187, 1190, 1191, 1192, 1195, 1198, 1199, 1202, 1203, 1205], "summary": {"covered_lines": 35, "num_statements": 38, "percent_covered": 92.10526315789474, "percent_covered_display": "92", "missing_lines": 3, "excluded_lines": 0}, "missing_lines": [1179, 1183, 1193], "excluded_lines": []}, "ezIBAsync.placeOrder": {"executed_lines": [1221, 1223, 1224, 1225, 1228, 1229, 1230, 1233, 1234, 1238, 1244, 1257, 1258, 1261, 1263, 1264, 1265], "summary": {"covered_lines": 17, "num_statements": 18, "percent_covered": 94.44444444444444, "percent_covered_display": "94", "missing_lines": 1, "excluded_lines": 0}, "missing_lines": [1235], "excluded_lines": []}, "ezIBAsync.requestContractDetails": {"executed_lines": [1273, 1274, 1275, 1277, 1281], "summary": {"covered_lines": 5, "num_statements": 9, "percent_covered": 55.55555555555556, "percent_covered_display": "56", "missing_lines": 4, "excluded_lines": 0}, "missing_lines": [1278, 1279, 1285, 1286], "excluded_lines": []}, "ezIBAsync._handle_contract_details": {"executed_lines": [], "summary": {"covered_lines": 0, "num_statements": 25, "percent_covered": 0.0, "percent_covered_display": "0", "missing_lines": 25, "excluded_lines": 0}, "missing_lines": [1297, 1298, 1301, 1325, 1326, 1328, 1329, 1330, 1331, 1333, 1335, 1338, 1341, 1342, 1343, 1344, 1347, 1348, 1349, 1350, 1353, 1354, 1355, 1356, 1357], "excluded_lines": []}, "ezIBAsync.getConId": {"executed_lines": [1370, 1371, 1372, 1374], "summary": {"covered_lines": 4, "num_statements": 4, "percent_covered": 100.0, "percent_covered_display": "100", "missing_lines": 0, "excluded_lines": 0}, "missing_lines": [], "excluded_lines": []}, "ezIBAsync.getContract": {"executed_lines": [1390, 1391, 1392, 1394], "summary": {"covered_lines": 4, "num_statements": 4, "percent_covered": 100.0, "percent_covered_display": "100", "missing_lines": 0, "excluded_lines": 0}, "missing_lines": [], "excluded_lines": []}, "ezIBAsync.isMultiContract": {"executed_lines": [1403, 1404, 1407, 1412, 1415, 1416, 1419], "summary": {"covered_lines": 7, "num_statements": 8, "percent_covered": 87.5, "percent_covered_display": "88", "missing_lines": 1, "excluded_lines": 0}, "missing_lines": [1417], "excluded_lines": []}, "ezIBAsync.getExpirations": {"executed_lines": [1433, 1434, 1436, 1437], "summary": {"covered_lines": 4, "num_statements": 15, "percent_covered": 26.666666666666668, "percent_covered_display": "27", "missing_lines": 11, "excluded_lines": 0}, "missing_lines": [1440, 1441, 1442, 1443, 1446, 1447, 1448, 1449, 1450, 1451, 1453], "excluded_lines": []}, "ezIBAsync.getStrikes": {"executed_lines": [1468, 1469, 1471, 1472, 1475, 1476, 1477, 1480, 1481, 1482, 1483, 1485], "summary": {"covered_lines": 12, "num_statements": 12, "percent_covered": 100.0, "percent_covered_display": "100", "missing_lines": 0, "excluded_lines": 0}, "missing_lines": [], "excluded_lines": []}, "ezIBAsync.registerContract": {"executed_lines": [1495, 1496, 1499, 1503, 1504], "summary": {"covered_lines": 5, "num_statements": 7, "percent_covered": 71.42857142857143, "percent_covered_display": "71", "missing_lines": 2, "excluded_lines": 0}, "missing_lines": [1505, 1506], "excluded_lines": []}, "ezIBAsync._onPositionUpdateHandler": {"executed_lines": [1518, 1520, 1521, 1524, 1525, 1526, 1528, 1532, 1535, 1536, 1539, 1554, 1557, 1558], "summary": {"covered_lines": 14, "num_statements": 14, "percent_covered": 100.0, "percent_covered_display": "100", "missing_lines": 0, "excluded_lines": 0}, "missing_lines": [], "excluded_lines": []}, "ezIBAsync.positions": {"executed_lines": [1569], "summary": {"covered_lines": 1, "num_statements": 1, "percent_covered": 100.0, "percent_covered_display": "100", "missing_lines": 0, "excluded_lines": 0}, "missing_lines": [], "excluded_lines": []}, "ezIBAsync.position": {"executed_lines": [1573], "summary": {"covered_lines": 1, "num_statements": 1, "percent_covered": 100.0, "percent_covered_display": "100", "missing_lines": 0, "excluded_lines": 0}, "missing_lines": [], "excluded_lines": []}, "ezIBAsync.getPosition": {"executed_lines": [1576, 1577, 1579, 1581, 1582, 1583, 1584, 1586, 1588, 1590, 1591, 1593, 1594, 1595], "summary": {"covered_lines": 14, "num_statements": 16, "percent_covered": 87.5, "percent_covered_display": "88", "missing_lines": 2, "excluded_lines": 0}, "missing_lines": [1587, 1597], "excluded_lines": []}, "ezIBAsync._onPortfolioUpdateHandler": {"executed_lines": [1609, 1611, 1612, 1618, 1621, 1622, 1626, 1630, 1643, 1649, 1650], "summary": {"covered_lines": 11, "num_statements": 11, "percent_covered": 100.0, "percent_covered_display": "100", "missing_lines": 0, "excluded_lines": 0}, "missing_lines": [], "excluded_lines": []}, "ezIBAsync.portfolios": {"executed_lines": [1654], "summary": {"covered_lines": 1, "num_statements": 1, "percent_covered": 100.0, "percent_covered_display": "100", "missing_lines": 0, "excluded_lines": 0}, "missing_lines": [], "excluded_lines": []}, "ezIBAsync.portfolio": {"executed_lines": [1659], "summary": {"covered_lines": 1, "num_statements": 1, "percent_covered": 100.0, "percent_covered_display": "100", "missing_lines": 0, "excluded_lines": 0}, "missing_lines": [], "excluded_lines": []}, "ezIBAsync.getPortfolio": {"executed_lines": [1663, 1664, 1666, 1668, 1669, 1674, 1675], "summary": {"covered_lines": 7, "num_statements": 8, "percent_covered": 87.5, "percent_covered_display": "88", "missing_lines": 1, "excluded_lines": 0}, "missing_lines": [1677], "excluded_lines": []}, "ezIBAsync.createTargetOrder": {"executed_lines": [1702, 1715, 1716, 1717, 1718, 1720, 1721], "summary": {"covered_lines": 7, "num_statements": 7, "percent_covered": 100.0, "percent_covered_display": "100", "missing_lines": 0, "excluded_lines": 0}, "missing_lines": [], "excluded_lines": []}, "ezIBAsync.createStopOrder": {"executed_lines": [1747, 1748, 1749, 1752, 1753, 1754, 1755, 1757, 1758, 1760, 1761, 1763, 1776, 1777, 1778, 1780, 1783, 1784, 1786, 1788, 1789, 1790, 1792, 1793], "summary": {"covered_lines": 24, "num_statements": 28, "percent_covered": 85.71428571428571, "percent_covered_display": "86", "missing_lines": 4, "excluded_lines": 0}, "missing_lines": [1750, 1759, 1779, 1781], "excluded_lines": []}, "ezIBAsync.createTriggerableTrailingStop": {"executed_lines": [1823, 1824, 1826, 1828, 1840], "summary": {"covered_lines": 5, "num_statements": 5, "percent_covered": 100.0, "percent_covered_display": "100", "missing_lines": 0, "excluded_lines": 0}, "missing_lines": [], "excluded_lines": []}, "ezIBAsync.createBracketOrder": {"executed_lines": [1878, 1880, 1881, 1883, 1886, 1890, 1891, 1892, 1893, 1894, 1897, 1898, 1899, 1910, 1911, 1915, 1918, 1919, 1920, 1922, 1934, 1935, 1939, 1942, 1959], "summary": {"covered_lines": 25, "num_statements": 35, "percent_covered": 71.42857142857143, "percent_covered_display": "71", "missing_lines": 10, "excluded_lines": 0}, "missing_lines": [1912, 1913, 1936, 1937, 1943, 1952, 1953, 1954, 1955, 1957], "excluded_lines": []}, "": {"executed_lines": [1, 25, 26, 27, 29, 30, 31, 38, 41, 44, 45, 52, 58, 59, 83, 160, 167, 214, 233, 271, 289, 322, 327, 363, 473, 498, 518, 519, 526, 527, 534, 535, 545, 546, 550, 565, 589, 614, 631, 659, 683, 694, 695, 712, 767, 831, 899, 908, 943, 997, 1034, 1049, 1064, 1097, 1120, 1208, 1268, 1289, 1360, 1380, 1397, 1422, 1456, 1488, 1511, 1567, 1568, 1571, 1572, 1575, 1602, 1652, 1653, 1657, 1658, 1662, 1682, 1724, 1796, 1843], "summary": {"covered_lines": 78, "num_statements": 79, "percent_covered": 98.73417721518987, "percent_covered_display": "99", "missing_lines": 1, "excluded_lines": 0}, "missing_lines": [42], "excluded_lines": []}}, "classes": {"ezIBAsync": {"executed_lines": [71, 72, 75, 76, 78, 79, 81, 94, 97, 98, 99, 100, 103, 104, 105, 106, 107, 108, 111, 112, 113, 114, 116, 117, 119, 122, 126, 127, 130, 134, 137, 150, 151, 154, 155, 156, 158, 162, 163, 164, 179, 180, 181, 182, 184, 186, 187, 189, 190, 193, 194, 195, 198, 205, 206, 208, 209, 210, 211, 219, 221, 224, 225, 226, 227, 230, 244, 245, 246, 249, 251, 252, 253, 255, 257, 260, 263, 266, 268, 269, 273, 274, 276, 278, 281, 282, 283, 285, 323, 324, 335, 336, 337, 340, 342, 345, 346, 348, 351, 354, 355, 357, 358, 374, 375, 376, 379, 380, 382, 384, 385, 387, 388, 390, 391, 393, 394, 396, 461, 462, 463, 464, 465, 480, 482, 483, 484, 487, 488, 491, 494, 495, 505, 507, 508, 511, 512, 524, 543, 547, 555, 557, 558, 559, 560, 570, 571, 572, 573, 575, 576, 577, 579, 580, 581, 585, 586, 594, 603, 604, 605, 606, 607, 608, 609, 610, 611, 615, 616, 618, 620, 621, 622, 623, 625, 626, 636, 637, 639, 640, 641, 649, 669, 670, 671, 674, 675, 676, 679, 680, 681, 688, 689, 690, 691, 702, 723, 725, 726, 727, 728, 730, 733, 736, 738, 739, 743, 744, 746, 747, 750, 753, 756, 757, 759, 760, 764, 777, 778, 780, 783, 785, 788, 792, 842, 843, 844, 847, 848, 849, 850, 851, 852, 853, 854, 856, 860, 861, 865, 867, 868, 869, 870, 875, 877, 882, 885, 886, 887, 892, 894, 895, 896, 904, 905, 923, 927, 929, 930, 931, 1015, 1016, 1017, 1019, 1020, 1021, 1022, 1023, 1027, 1029, 1030, 1032, 1143, 1146, 1147, 1150, 1151, 1152, 1153, 1154, 1155, 1156, 1157, 1159, 1162, 1163, 1166, 1167, 1168, 1169, 1170, 1173, 1174, 1175, 1178, 1182, 1186, 1187, 1190, 1191, 1192, 1195, 1198, 1199, 1202, 1203, 1205, 1221, 1223, 1224, 1225, 1228, 1229, 1230, 1233, 1234, 1238, 1244, 1257, 1258, 1261, 1263, 1264, 1265, 1273, 1274, 1275, 1277, 1281, 1370, 1371, 1372, 1374, 1390, 1391, 1392, 1394, 1403, 1404, 1407, 1412, 1415, 1416, 1419, 1433, 1434, 1436, 1437, 1468, 1469, 1471, 1472, 1475, 1476, 1477, 1480, 1481, 1482, 1483, 1485, 1495, 1496, 1499, 1503, 1504, 1518, 1520, 1521, 1524, 1525, 1526, 1528, 1532, 1535, 1536, 1539, 1554, 1557, 1558, 1569, 1573, 1576, 1577, 1579, 1581, 1582, 1583, 1584, 1586, 1588, 1590, 1591, 1593, 1594, 1595, 1609, 1611, 1612, 1618, 1621, 1622, 1626, 1630, 1643, 1649, 1650, 1654, 1659, 1663, 1664, 1666, 1668, 1669, 1674, 1675, 1702, 1715, 1716, 1717, 1718, 1720, 1721, 1747, 1748, 1749, 1752, 1753, 1754, 1755, 1757, 1758, 1760, 1761, 1763, 1776, 1777, 1778, 1780, 1783, 1784, 1786, 1788, 1789, 1790, 1792, 1793, 1823, 1824, 1826, 1828, 1840, 1878, 1880, 1881, 1883, 1886, 1890, 1891, 1892, 1893, 1894, 1897, 1898, 1899, 1910, 1911, 1915, 1918, 1919, 1920, 1922, 1934, 1935, 1939, 1942, 1959], "summary": {"covered_lines": 476, "num_statements": 641, "percent_covered": 74.25897035881435, "percent_covered_display": "74", "missing_lines": 165, "excluded_lines": 0}, "missing_lines": [199, 200, 202, 203, 247, 277, 279, 297, 298, 299, 302, 303, 304, 305, 307, 308, 310, 311, 313, 316, 317, 319, 320, 341, 343, 349, 514, 515, 532, 561, 563, 582, 583, 628, 762, 789, 857, 862, 878, 879, 889, 890, 924, 933, 934, 935, 937, 938, 940, 958, 959, 960, 961, 962, 965, 967, 968, 969, 972, 973, 974, 975, 978, 979, 980, 981, 984, 985, 986, 987, 990, 991, 993, 1028, 1046, 1047, 1061, 1062, 1077, 1080, 1081, 1082, 1083, 1084, 1085, 1087, 1088, 1089, 1090, 1091, 1092, 1093, 1095, 1110, 1111, 1112, 1113, 1114, 1115, 1116, 1117, 1179, 1183, 1193, 1235, 1278, 1279, 1285, 1286, 1297, 1298, 1301, 1325, 1326, 1328, 1329, 1330, 1331, 1333, 1335, 1338, 1341, 1342, 1343, 1344, 1347, 1348, 1349, 1350, 1353, 1354, 1355, 1356, 1357, 1417, 1440, 1441, 1442, 1443, 1446, 1447, 1448, 1449, 1450, 1451, 1453, 1505, 1506, 1587, 1597, 1677, 1750, 1759, 1779, 1781, 1912, 1913, 1936, 1937, 1943, 1952, 1953, 1954, 1955, 1957], "excluded_lines": []}, "": {"executed_lines": [1, 25, 26, 27, 29, 30, 31, 38, 41, 44, 45, 52, 58, 59, 83, 160, 167, 214, 233, 271, 289, 322, 327, 363, 473, 498, 518, 519, 526, 527, 534, 535, 545, 546, 550, 565, 589, 614, 631, 659, 683, 694, 695, 712, 767, 831, 899, 908, 943, 997, 1034, 1049, 1064, 1097, 1120, 1208, 1268, 1289, 1360, 1380, 1397, 1422, 1456, 1488, 1511, 1567, 1568, 1571, 1572, 1575, 1602, 1652, 1653, 1657, 1658, 1662, 1682, 1724, 1796, 1843], "summary": {"covered_lines": 78, "num_statements": 79, "percent_covered": 98.73417721518987, "percent_covered_display": "99", "missing_lines": 1, "excluded_lines": 0}, "missing_lines": [42], "excluded_lines": []}}}, "src/ezib_async/util.py": {"executed_lines": [7, 9, 10, 12, 13, 14, 15, 20, 173, 186, 194, 202, 223], "summary": {"covered_lines": 13, "num_statements": 46, "percent_covered": 28.26086956521739, "percent_covered_display": "28", "missing_lines": 33, "excluded_lines": 0}, "missing_lines": [175, 176, 177, 178, 179, 180, 181, 188, 189, 196, 197, 203, 204, 206, 207, 208, 209, 210, 211, 212, 214, 215, 216, 218, 225, 226, 227, 228, 230, 231, 233, 234, 236], "excluded_lines": [], "functions": {"createLogger": {"executed_lines": [], "summary": {"covered_lines": 0, "num_statements": 7, "percent_covered": 0.0, "percent_covered_display": "0", "missing_lines": 7, "excluded_lines": 0}, "missing_lines": [175, 176, 177, 178, 179, 180, 181], "excluded_lines": []}, "order_to_dict": {"executed_lines": [], "summary": {"covered_lines": 0, "num_statements": 2, "percent_covered": 0.0, "percent_covered_display": "0", "missing_lines": 2, "excluded_lines": 0}, "missing_lines": [188, 189], "excluded_lines": []}, "contract_to_dict": {"executed_lines": [], "summary": {"covered_lines": 0, "num_statements": 2, "percent_covered": 0.0, "percent_covered_display": "0", "missing_lines": 2, "excluded_lines": 0}, "missing_lines": [196, 197], "excluded_lines": []}, "contract_expiry_from_symbol": {"executed_lines": [], "summary": {"covered_lines": 0, "num_statements": 13, "percent_covered": 0.0, "percent_covered_display": "0", "missing_lines": 13, "excluded_lines": 0}, "missing_lines": [203, 204, 206, 207, 208, 209, 210, 211, 212, 214, 215, 216, 218], "excluded_lines": []}, "local_to_utc": {"executed_lines": [], "summary": {"covered_lines": 0, "num_statements": 9, "percent_covered": 0.0, "percent_covered_display": "0", "missing_lines": 9, "excluded_lines": 0}, "missing_lines": [225, 226, 227, 228, 230, 231, 233, 234, 236], "excluded_lines": []}, "": {"executed_lines": [7, 9, 10, 12, 13, 14, 15, 20, 173, 186, 194, 202, 223], "summary": {"covered_lines": 13, "num_statements": 13, "percent_covered": 100.0, "percent_covered_display": "100", "missing_lines": 0, "excluded_lines": 0}, "missing_lines": [], "excluded_lines": []}}, "classes": {"": {"executed_lines": [7, 9, 10, 12, 13, 14, 15, 20, 173, 186, 194, 202, 223], "summary": {"covered_lines": 13, "num_statements": 46, "percent_covered": 28.26086956521739, "percent_covered_display": "28", "missing_lines": 33, "excluded_lines": 0}, "missing_lines": [175, 176, 177, 178, 179, 180, 181, 188, 189, 196, 197, 203, 204, 206, 207, 208, 209, 210, 211, 212, 214, 215, 216, 218, 225, 226, 227, 228, 230, 231, 233, 234, 236], "excluded_lines": []}}}, "src/ezib_async/version.py": {"executed_lines": [1, 5], "summary": {"covered_lines": 1, "num_statements": 1, "percent_covered": 100.0, "percent_covered_display": "100", "missing_lines": 0, "excluded_lines": 0}, "missing_lines": [], "excluded_lines": [], "functions": {"": {"executed_lines": [1, 5], "summary": {"covered_lines": 1, "num_statements": 1, "percent_covered": 100.0, "percent_covered_display": "100", "missing_lines": 0, "excluded_lines": 0}, "missing_lines": [], "excluded_lines": []}}, "classes": {"": {"executed_lines": [1, 5], "summary": {"covered_lines": 1, "num_statements": 1, "percent_covered": 100.0, "percent_covered_display": "100", "missing_lines": 0, "excluded_lines": 0}, "missing_lines": [], "excluded_lines": []}}}}, "totals": {"covered_lines": 572, "num_statements": 771, "percent_covered": 74.18936446173801, "percent_covered_display": "74", "missing_lines": 199, "excluded_lines": 0}}